Arguments: 
  C:\Program Files\nodejs\node.exe C:\Program Files (x86)\Yarn\bin\yarn.js

PATH: 
  C:\Users\Administrator\Desktop\hooks\node_modules\.bin;C:\WINDOWS\system32;C:\WINDOWS;C:\WINDOWS\System32\Wbem;C:\WINDOWS\System32\WindowsPowerShell\v1.0\;C:\code\Git\cmd;C:\Program Files\TortoiseSVN\bin;C:\Users\Administrator\AppData\Local\Yarn\bin;C:\WINDOWS\System32\OpenSSH\;C:\Users\Administrator\AppData\Roaming\nvm;C:\Program Files\nodejs;C:\Program Files (x86)\Yarn\bin\;C:\Program Files\MySQL\MySQL Server 5.6\bin;C:\Users\Administrator\AppData\Local\Microsoft\WindowsApps;C:\Users\Administrator\AppData\Roaming\npm;C:\code\Microsoft VS Code\bin;C:\Users\Administrator\AppData\Roaming\nvm;C:\Program Files\nodejs;C:\Users\Administrator\AppData\Local\Yarn\bin;C:\Program Files\JetBrains\WebStorm 2019.3.1\bin;

Yarn version: 
  1.13.0

Node version: 
  10.14.0

Platform: 
  win32 x64

Trace: 
  Error: getaddrinfo ENOTFOUND registry.npmjs.org registry.npmjs.org:443
      at GetAddrInfoReqWrap.onlookup [as oncomplete] (dns.js:57:26)

npm manifest: 
  {
    "name": "@lxjx/hooks",
    "version": "0.5.1",
    "description": "Use Your Imagination",
    "main": "./dist/index.js",
    "module": "./dist/index.esm.js",
    "typings": "./dist",
    "authors": {
      "name": "lixianjie",
      "email": "1073830130@qq.com"
    },
    "repository": "https://github.com/Iixianjie/hooks",
    "scripts": {
      "dev": "father doc dev",
      "build:doc": "father doc build",
      "build": "father build"
    },
    "browserslist": {},
    "devDependencies": {
      "@types/node": "^12.12.7",
      "@types/react": "^16.9.11",
      "father": "^2.24.0",
      "react": "^16.11.0",
      "typescript": "^3.7.2"
    },
    "peerDependencies": {
      "react": ">= 16.8.0"
    },
    "dependencies": {
      "@babel/runtime": "^7.6.3",
      "@lxjx/utils": "^1.0.10",
      "@types/react": "^16.9.11",
      "react-use": "^13.6.3",
      "utility-types": "^3.10.0"
    },
    "license": "MIT"
  }

yarn manifest: 
  No manifest

Lockfile: 
  No lockfile
